Architecture:        x86_64
CPU op-mode(s):      32-bit, 64-bit
Byte Order:          Little Endian
CPU(s):              128
On-line CPU(s) list: 0-127
Thread(s) per core:  2
Core(s) per socket:  32
Socket(s):           2
NUMA node(s):        8
Vendor ID:           AuthenticAMD
CPU family:          23
Model:               49
Model name:          AMD EPYC 7452 32-Core Processor
Stepping:            0
CPU MHz:             3248.613
BogoMIPS:            4691.12
Virtualization:      AMD-V
L1d cache:           32K
L1i cache:           32K
L2 cache:            512K
L3 cache:            16384K
NUMA node0 CPU(s):   0-7,64-71
NUMA node1 CPU(s):   8-15,72-79
NUMA node2 CPU(s):   16-23,80-87
NUMA node3 CPU(s):   24-31,88-95
NUMA node4 CPU(s):   32-39,96-103
NUMA node5 CPU(s):   40-47,104-111
NUMA node6 CPU(s):   48-55,112-119
NUMA node7 CPU(s):   56-63,120-127
Flags:               fpu vme de pse tsc msr pae mce cx8 apic sep mtrr pge mca cmov pat pse36 clflush mmx fxsr sse sse2 ht syscall nx mmxext fxsr_opt pdpe1gb rdtscp lm constant_tsc rep_good nopl nonstop_tsc cpuid extd_apicid aperfmperf pni pclmulqdq monitor ssse3 fma cx16 sse4_1 sse4_2 x2apic movbe popcnt aes xsave avx f16c rdrand lahf_lm cmp_legacy svm extapic cr8_legacy abm sse4a misalignsse 3dnowprefetch osvw ibs skinit wdt tce topoext perfctr_core perfctr_nb bpext perfctr_llc mwaitx cpb cat_l3 cdp_l3 hw_pstate ssbd mba ibrs ibpb stibp vmmcall fsgsbase bmi1 avx2 smep bmi2 cqm rdt_a rdseed adx smap clflushopt clwb sha_ni xsaveopt xsavec xgetbv1 xsaves cqm_llc cqm_occup_llc cqm_mbm_total cqm_mbm_local clzero irperf xsaveerptr wbnoinvd amd_ppin arat npt lbrv svm_lock nrip_save tsc_scale vmcb_clean flushbyasid decodeassists pausefilter pfthreshold avic v_vmsave_vmload vgif v_spec_ctrl umip rdpid overflow_recov succor smca sme sev sev_es
    
*** SEQUENTIAL ***
Jacobi relaxation calculation: 2048 x 2048 grid

Kernel executed in 110.883240 seconds with 3001 iterations 
*** OPENMP COM 1 THREADS ***
Jacobi relaxation calculation: 2048 x 2048 grid
Kernel executed in 113.351145 seconds with 3001 iterations 
    
*** OPENMP COLLAPSE COM 1 THREADS ***
Jacobi relaxation calculation: 2048 x 2048 grid
Kernel executed in 90.719120 seconds with 3001 iterations 
    
*** OPENMP COM 2 THREADS ***
Jacobi relaxation calculation: 2048 x 2048 grid
Kernel executed in 56.700633 seconds with 3001 iterations 
    
*** OPENMP COLLAPSE COM 2 THREADS ***
Jacobi relaxation calculation: 2048 x 2048 grid
Kernel executed in 45.345190 seconds with 3001 iterations 
    
*** OPENMP COM 5 THREADS ***
Jacobi relaxation calculation: 2048 x 2048 grid
Kernel executed in 22.288132 seconds with 3001 iterations 
    
*** OPENMP COLLAPSE COM 5 THREADS ***
Jacobi relaxation calculation: 2048 x 2048 grid
Kernel executed in 18.484732 seconds with 3001 iterations 
    
*** OPENMP COM 10 THREADS ***
Jacobi relaxation calculation: 2048 x 2048 grid
Kernel executed in 18.655355 seconds with 3001 iterations 
    
*** OPENMP COLLAPSE COM 10 THREADS ***
Jacobi relaxation calculation: 2048 x 2048 grid
Kernel executed in 10.305726 seconds with 3001 iterations 
    
*** OPENMP COM 20 THREADS ***
Jacobi relaxation calculation: 2048 x 2048 grid
Kernel executed in 9.519758 seconds with 3001 iterations 
    
*** OPENMP COLLAPSE COM 20 THREADS ***
Jacobi relaxation calculation: 2048 x 2048 grid
Kernel executed in 8.814486 seconds with 3001 iterations 
    
*** OPENMP COM 40 THREADS ***
Jacobi relaxation calculation: 2048 x 2048 grid
Kernel executed in 4.906560 seconds with 3001 iterations 
    
*** OPENMP COLLAPSE COM 40 THREADS ***
Jacobi relaxation calculation: 2048 x 2048 grid
Kernel executed in 4.541408 seconds with 3001 iterations 
    
*** OPENMP COM 64 THREADS ***
Jacobi relaxation calculation: 2048 x 2048 grid
Kernel executed in 3.285723 seconds with 3001 iterations 
    
*** OPENMP COLLAPSE COM 64 THREADS ***
Jacobi relaxation calculation: 2048 x 2048 grid
Kernel executed in 3.049504 seconds with 3001 iterations 
    
    
