Architecture:        x86_64
CPU op-mode(s):      32-bit, 64-bit
Byte Order:          Little Endian
CPU(s):              40
On-line CPU(s) list: 0-39
Thread(s) per core:  2
Core(s) per socket:  10
Socket(s):           2
NUMA node(s):        2
Vendor ID:           GenuineIntel
CPU family:          6
Model:               63
Model name:          Intel(R) Xeon(R) CPU E5-2650 v3 @ 2.30GHz
Stepping:            2
CPU MHz:             2297.390
BogoMIPS:            4594.78
Virtualization:      VT-x
L1d cache:           32K
L1i cache:           32K
L2 cache:            256K
L3 cache:            25600K
NUMA node0 CPU(s):   0,2,4,6,8,10,12,14,16,18,20,22,24,26,28,30,32,34,36,38
NUMA node1 CPU(s):   1,3,5,7,9,11,13,15,17,19,21,23,25,27,29,31,33,35,37,39
Flags:               fpu vme de pse tsc msr pae mce cx8 apic sep mtrr pge mca cmov pat pse36 clflush dts acpi mmx fxsr sse sse2 ss ht tm pbe syscall nx pdpe1gb rdtscp lm constant_tsc arch_perfmon pebs bts rep_good nopl xtopology nonstop_tsc cpuid aperfmperf pni pclmulqdq dtes64 monitor ds_cpl vmx smx est tm2 ssse3 sdbg fma cx16 xtpr pdcm pcid dca sse4_1 sse4_2 x2apic movbe popcnt tsc_deadline_timer aes xsave avx f16c rdrand lahf_lm abm cpuid_fault epb invpcid_single pti ssbd ibrs ibpb stibp tpr_shadow vnmi flexpriority ept vpid ept_ad fsgsbase tsc_adjust bmi1 avx2 smep bmi2 erms invpcid cqm xsaveopt cqm_llc cqm_occup_llc dtherm ida arat pln pts md_clear flush_l1d
    
*** SEQUENTIAL ***
Jacobi relaxation calculation: 2048 x 2048 grid
Kernel executed in 190.164345 seconds with 3001 iterations 

*** OPENMP COM 1 THREADS ***
Jacobi relaxation calculation: 2048 x 2048 grid
Kernel executed in 191.796748 seconds with 3001 iterations 
    
*** OPENMP COLLAPSE COM 1 THREADS ***
Jacobi relaxation calculation: 2048 x 2048 grid
Kernel executed in 201.387880 seconds with 3001 iterations 
    
*** OPENMP COM 2 THREADS ***
Jacobi relaxation calculation: 2048 x 2048 grid
Kernel executed in 146.758556 seconds with 3001 iterations 
    
*** OPENMP COLLAPSE COM 2 THREADS ***
Jacobi relaxation calculation: 2048 x 2048 grid
Kernel executed in 149.788435 seconds with 3001 iterations 
    
*** OPENMP COM 5 THREADS ***
Jacobi relaxation calculation: 2048 x 2048 grid
Kernel executed in 150.904387 seconds with 3001 iterations 
    
*** OPENMP COLLAPSE COM 5 THREADS ***
Jacobi relaxation calculation: 2048 x 2048 grid
Kernel executed in 159.675925 seconds with 3001 iterations 
    
*** OPENMP COM 10 THREADS ***
Jacobi relaxation calculation: 2048 x 2048 grid
Kernel executed in 174.741364 seconds with 3001 iterations 
    
*** OPENMP COLLAPSE COM 10 THREADS ***
Jacobi relaxation calculation: 2048 x 2048 grid
Kernel executed in 177.672063 seconds with 3001 iterations 
    
*** OPENMP COM 20 THREADS ***
Jacobi relaxation calculation: 2048 x 2048 grid
Kernel executed in 174.399739 seconds with 3001 iterations 
    
*** OPENMP COLLAPSE COM 20 THREADS ***
Jacobi relaxation calculation: 2048 x 2048 grid
Kernel executed in 179.431787 seconds with 3001 iterations 
    
*** OPENMP COM 40 THREADS ***
Jacobi relaxation calculation: 2048 x 2048 grid
Kernel executed in 177.035265 seconds with 3001 iterations 
    
*** OPENMP COLLAPSE COM 40 THREADS ***
Jacobi relaxation calculation: 2048 x 2048 grid
Kernel executed in 179.490603 seconds with 3001 iterations 
    
    
