Architecture:        x86_64
CPU op-mode(s):      32-bit, 64-bit
Byte Order:          Little Endian
CPU(s):              96
On-line CPU(s) list: 0-95
Thread(s) per core:  2
Core(s) per socket:  24
Socket(s):           2
NUMA node(s):        8
Vendor ID:           AuthenticAMD
CPU family:          23
Model:               49
Model name:          AMD EPYC 7402 24-Core Processor
Stepping:            0
CPU MHz:             2794.661
BogoMIPS:            5589.32
Virtualization:      AMD-V
L1d cache:           32K
L1i cache:           32K
L2 cache:            512K
L3 cache:            16384K
NUMA node0 CPU(s):   0-5,48-53
NUMA node1 CPU(s):   6-11,54-59
NUMA node2 CPU(s):   12-17,60-65
NUMA node3 CPU(s):   18-23,66-71
NUMA node4 CPU(s):   24-29,72-77
NUMA node5 CPU(s):   30-35,78-83
NUMA node6 CPU(s):   36-41,84-89
NUMA node7 CPU(s):   42-47,90-95
Flags:               fpu vme de pse tsc msr pae mce cx8 apic sep mtrr pge mca cmov pat pse36 clflush mmx fxsr sse sse2 ht syscall nx mmxext fxsr_opt pdpe1gb rdtscp lm constant_tsc rep_good nopl nonstop_tsc cpuid extd_apicid aperfmperf pni pclmulqdq monitor ssse3 fma cx16 sse4_1 sse4_2 x2apic movbe popcnt aes xsave avx f16c rdrand lahf_lm cmp_legacy svm extapic cr8_legacy abm sse4a misalignsse 3dnowprefetch osvw ibs skinit wdt tce topoext perfctr_core perfctr_nb bpext perfctr_llc mwaitx cpb cat_l3 cdp_l3 hw_pstate ssbd mba ibrs ibpb stibp vmmcall fsgsbase bmi1 avx2 smep bmi2 cqm rdt_a rdseed adx smap clflushopt clwb sha_ni xsaveopt xsavec xgetbv1 xsaves cqm_llc cqm_occup_llc cqm_mbm_total cqm_mbm_local clzero irperf xsaveerptr wbnoinvd amd_ppin arat npt lbrv svm_lock nrip_save tsc_scale vmcb_clean flushbyasid decodeassists pausefilter pfthreshold avic v_vmsave_vmload vgif v_spec_ctrl umip rdpid overflow_recov succor smca sme sev sev_es
    
*** SEQUENCIAL ***
Grid Sizes: 500 x 500
Iterations: 707
Initializing ... 
Computing wavefield ... 
Iterations completed in 1.944566 seconds 
*** OPENMP ***
Grid Sizes: 500 x 500
Iterations: 707
Iterations completed in 2.129092 seconds with 1 threads 

Grid Sizes: 500 x 500
Iterations: 707
Iterations completed in 1.069250 seconds with 2 threads 

Grid Sizes: 500 x 500
Iterations: 707
Iterations completed in 0.428994 seconds with 5 threads 

Grid Sizes: 500 x 500
Iterations: 707
Iterations completed in 0.365510 seconds with 10 threads 

Grid Sizes: 500 x 500
Iterations: 707
Iterations completed in 0.184429 seconds with 20 threads 

Grid Sizes: 500 x 500
Iterations: 707
Iterations completed in 0.107472 seconds with 40 threads 

Grid Sizes: 500 x 500
Iterations: 707
Iterations completed in 0.083313 seconds with 64 threads 

